# JRE version: Java(TM) SE Runtime Environment (8.0_202-b08) (build 1.8.0_202-b08)
# Java VM: Java HotSpot(TM) 64-Bit Server VM (25.202-b08 mixed mode windows-amd64 compressed oops)
Heap:
 PSYoungGen      total 2222592K, used 955991K [0x0000000717580000, 0x00000007c0000000, 0x00000007c0000000)
  eden space 1654784K, 42% used [0x0000000717580000,0x0000000742815ec0,0x000000077c580000)
  from space 567808K, 43% used [0x000000079d580000,0x00000007ac87fe78,0x00000007c0000000)
  to   space 540672K, 0% used [0x000000077c580000,0x000000077c580000,0x000000079d580000)
 ParOldGen       total 2434048K, used 1813253K [0x00000005c6000000, 0x000000065a900000, 0x0000000717580000)
  object space 2434048K, 74% used [0x00000005c6000000,0x0000000634ac16c0,0x000000065a900000)
 Metaspace       used 160087K, capacity 164661K, committed 164736K, reserved 1189888K
  class space    used 25584K, capacity 26996K, committed 27008K, reserved 1048576K
GC Heap History (10 events):
Event: 88.039 GC heap before
{Heap before GC invocations=33 (full 7):
 PSYoungGen      total 1911296K, used 259062K [0x0000000717580000, 0x00000007c0000000, 0x00000007c0000000)
  eden space 1652224K, 0% used [0x0000000717580000,0x0000000717580000,0x000000077c300000)
  from space 259072K, 99% used [0x00000007b0300000,0x00000007bfffd930,0x00000007c0000000)
  to   space 555520K, 0% used [0x000000077c300000,0x000000077c300000,0x000000079e180000)
 ParOldGen       total 1704448K, used 1703791K [0x00000005c6000000, 0x000000062e080000, 0x0000000717580000)
  object space 1704448K, 99% used [0x00000005c6000000,0x000000062dfdbc90,0x000000062e080000)
 Metaspace       used 150893K, capacity 154409K, committed 154624K, reserved 1177600K
  class space    used 24454K, capacity 25556K, committed 25600K, reserved 1048576K
Event: 90.212 GC heap after
Heap after GC invocations=33 (full 7):
 PSYoungGen      total 1911296K, used 108216K [0x0000000717580000, 0x00000007c0000000, 0x00000007c0000000)
  eden space 1652224K, 0% used [0x0000000717580000,0x0000000717580000,0x000000077c300000)
  from space 259072K, 41% used [0x00000007b0300000,0x00000007b6cae140,0x00000007c0000000)
  to   space 555520K, 0% used [0x000000077c300000,0x000000077c300000,0x000000079e180000)
 ParOldGen       total 2434048K, used 1704052K [0x00000005c6000000, 0x000000065a900000, 0x0000000717580000)
  object space 2434048K, 70% used [0x00000005c6000000,0x000000062e01d070,0x000000065a900000)
 Metaspace       used 150893K, capacity 154409K, committed 154624K, reserved 1177600K
  class space    used 24454K, capacity 25556K, committed 25600K, reserved 1048576K
}
Event: 92.466 GC heap before
{Heap before GC invocations=34 (full 7):
 PSYoungGen      total 1911296K, used 1760440K [0x0000000717580000, 0x00000007c0000000, 0x00000007c0000000)
  eden space 1652224K, 100% used [0x0000000717580000,0x000000077c300000,0x000000077c300000)
  from space 259072K, 41% used [0x00000007b0300000,0x00000007b6cae140,0x00000007c0000000)
  to   space 555520K, 0% used [0x000000077c300000,0x000000077c300000,0x000000079e180000)
 ParOldGen       total 2434048K, used 1704052K [0x00000005c6000000, 0x000000065a900000, 0x0000000717580000)
  object space 2434048K, 70% used [0x00000005c6000000,0x000000062e01d070,0x000000065a900000)
 Metaspace       used 151613K, capacity 155185K, committed 155264K, reserved 1179648K
  class space    used 24535K, capacity 25676K, committed 25728K, reserved 1048576K
Event: 92.586 GC heap after
Heap after GC invocations=34 (full 7):
 PSYoungGen      total 2207744K, used 168968K [0x0000000717580000, 0x00000007c0000000, 0x00000007c0000000)
  eden space 1652224K, 0% used [0x0000000717580000,0x0000000717580000,0x000000077c300000)
  from space 555520K, 30% used [0x000000077c300000,0x0000000786802328,0x000000079e180000)
  to   space 526848K, 0% used [0x000000079fd80000,0x000000079fd80000,0x00000007c0000000)
 ParOldGen       total 2434048K, used 1731074K [0x00000005c6000000, 0x000000065a900000, 0x0000000717580000)
  object space 2434048K, 71% used [0x00000005c6000000,0x000000062fa80a70,0x000000065a900000)
 Metaspace       used 151613K, capacity 155185K, committed 155264K, reserved 1179648K
  class space    used 24535K, capacity 25676K, committed 25728K, reserved 1048576K
}
Event: 97.155 GC heap before
{Heap before GC invocations=35 (full 7):
 PSYoungGen      total 2207744K, used 1821192K [0x0000000717580000, 0x00000007c0000000, 0x00000007c0000000)
  eden space 1652224K, 100% used [0x0000000717580000,0x000000077c300000,0x000000077c300000)
  from space 555520K, 30% used [0x000000077c300000,0x0000000786802328,0x000000079e180000)
  to   space 526848K, 0% used [0x000000079fd80000,0x000000079fd80000,0x00000007c0000000)
 ParOldGen       total 2434048K, used 1731074K [0x00000005c6000000, 0x000000065a900000, 0x0000000717580000)
  object space 2434048K, 71% used [0x00000005c6000000,0x000000062fa80a70,0x000000065a900000)
 Metaspace       used 155749K, capacity 159555K, committed 159744K, reserved 1183744K
  class space    used 25057K, capacity 26251K, committed 26368K, reserved 1048576K
Event: 97.241 GC heap after
Heap after GC invocations=35 (full 7):
 PSYoungGen      total 2179072K, used 290341K [0x0000000717580000, 0x00000007be400000, 0x00000007c0000000)
  eden space 1680896K, 0% used [0x0000000717580000,0x0000000717580000,0x000000077df00000)
  from space 498176K, 58% used [0x000000079fd80000,0x00000007b1909710,0x00000007be400000)
  to   space 526848K, 0% used [0x000000077df00000,0x000000077df00000,0x000000079e180000)
 ParOldGen       total 2434048K, used 1731101K [0x00000005c6000000, 0x000000065a900000, 0x0000000717580000)
  object space 2434048K, 71% used [0x00000005c6000000,0x000000062fa876c0,0x000000065a900000)
 Metaspace       used 155749K, capacity 159555K, committed 159744K, reserved 1183744K
  class space    used 25057K, capacity 26251K, committed 26368K, reserved 1048576K
}
Event: 99.778 GC heap before
{Heap before GC invocations=36 (full 7):
 PSYoungGen      total 2179072K, used 1971237K [0x0000000717580000, 0x00000007be400000, 0x00000007c0000000)
  eden space 1680896K, 100% used [0x0000000717580000,0x000000077df00000,0x000000077df00000)
  from space 498176K, 58% used [0x000000079fd80000,0x00000007b1909710,0x00000007be400000)
  to   space 526848K, 0% used [0x000000077df00000,0x000000077df00000,0x000000079e180000)
 ParOldGen       total 2434048K, used 1731101K [0x00000005c6000000, 0x000000065a900000, 0x0000000717580000)
  object space 2434048K, 71% used [0x00000005c6000000,0x000000062fa876c0,0x000000065a900000)
 Metaspace       used 158717K, capacity 162949K, committed 163072K, reserved 1185792K
  class space    used 25439K, capacity 26780K, committed 26880K, reserved 1048576K
Event: 100.002 GC heap after
Heap after GC invocations=36 (full 7):
 PSYoungGen      total 2087936K, used 406772K [0x0000000717580000, 0x00000007c0000000, 0x00000007c0000000)
  eden space 1680896K, 0% used [0x0000000717580000,0x0000000717580000,0x000000077df00000)
  from space 407040K, 99% used [0x000000077df00000,0x0000000796c3d2d0,0x0000000796c80000)
  to   space 567808K, 0% used [0x000000079d580000,0x000000079d580000,0x00000007c0000000)
 ParOldGen       total 2434048K, used 1731109K [0x00000005c6000000, 0x000000065a900000, 0x0000000717580000)
  object space 2434048K, 71% used [0x00000005c6000000,0x000000062fa896c0,0x000000065a900000)
 Metaspace       used 158717K, capacity 162949K, committed 163072K, reserved 1185792K
  class space    used 25439K, capacity 26780K, committed 26880K, reserved 1048576K
}
Event: 102.270 GC heap before
{Heap before GC invocations=37 (full 7):
 PSYoungGen      total 2087936K, used 2087668K [0x0000000717580000, 0x00000007c0000000, 0x00000007c0000000)
  eden space 1680896K, 100% used [0x0000000717580000,0x000000077df00000,0x000000077df00000)
  from space 407040K, 99% used [0x000000077df00000,0x0000000796c3d2d0,0x0000000796c80000)
  to   space 567808K, 0% used [0x000000079d580000,0x000000079d580000,0x00000007c0000000)
 ParOldGen       total 2434048K, used 1731109K [0x00000005c6000000, 0x000000065a900000, 0x0000000717580000)
  object space 2434048K, 71% used [0x00000005c6000000,0x000000062fa896c0,0x000000065a900000)
 Metaspace       used 159764K, capacity 164327K, committed 164480K, reserved 1187840K
  class space    used 25558K, capacity 26955K, committed 27008K, reserved 1048576K
Event: 102.410 GC heap after
Heap after GC invocations=37 (full 7):
 PSYoungGen      total 2222592K, used 248831K [0x0000000717580000, 0x00000007c0000000, 0x00000007c0000000)
  eden space 1654784K, 0% used [0x0000000717580000,0x0000000717580000,0x000000077c580000)
  from space 567808K, 43% used [0x000000079d580000,0x00000007ac87fe78,0x00000007c0000000)
  to   space 540672K, 0% used [0x000000077c580000,0x000000077c580000,0x000000079d580000)
 ParOldGen       total 2434048K, used 1813253K [0x00000005c6000000, 0x000000065a900000, 0x0000000717580000)
  object space 2434048K, 74% used [0x00000005c6000000,0x0000000634ac16c0,0x000000065a900000)
 Metaspace       used 159764K, capacity 164327K, committed 164480K, reserved 1187840K
  class space    used 25558K, capacity 26955K, committed 27008K, reserved 1048576K
}

