# JRE version: Java(TM) SE Runtime Environment (8.0_202-b08) (build 1.8.0_202-b08)
# Java VM: Java HotSpot(TM) 64-Bit Server VM (25.202-b08 mixed mode windows-amd64 compressed oops)
Heap:
 PSYoungGen      total 1848832K, used 1066011K [0x0000000717580000, 0x00000007b8b80000, 0x00000007c0000000)
  eden space 1577984K, 67% used [0x0000000717580000,0x0000000758686f48,0x0000000777a80000)
  from space 270848K, 0% used [0x0000000777a80000,0x0000000777a80000,0x0000000788300000)
  to   space 532992K, 0% used [0x0000000798300000,0x0000000798300000,0x00000007b8b80000)
 ParOldGen       total 3494400K, used 2684607K [0x00000005c6000000, 0x000000069b480000, 0x0000000717580000)
  object space 3494400K, 76% used [0x00000005c6000000,0x0000000669dafe80,0x000000069b480000)
 Metaspace       used 199497K, capacity 207225K, committed 207360K, reserved 1224704K
  class space    used 30683K, capacity 32715K, committed 32768K, reserved 1048576K
GC Heap History (10 events):
Event: 305.503 GC heap before
{Heap before GC invocations=69 (full 9):
 PSYoungGen      total 2053632K, used 0K [0x0000000717580000, 0x00000007b9d80000, 0x00000007c0000000)
  eden space 1472512K, 0% used [0x0000000717580000,0x0000000717580000,0x0000000771380000)
  from space 581120K, 0% used [0x0000000795400000,0x0000000795400000,0x00000007b8b80000)
  to   space 590336K, 0% used [0x0000000771380000,0x0000000771380000,0x0000000795400000)
 ParOldGen       total 3494400K, used 2575443K [0x00000005c6000000, 0x000000069b480000, 0x0000000717580000)
  object space 3494400K, 73% used [0x00000005c6000000,0x0000000663314f10,0x000000069b480000)
 Metaspace       used 190071K, capacity 197305K, committed 197376K, reserved 1214464K
  class space    used 29547K, capacity 31459K, committed 31488K, reserved 1048576K
Event: 306.433 GC heap after
Heap after GC invocations=69 (full 9):
 PSYoungGen      total 2053632K, used 0K [0x0000000717580000, 0x00000007b9d80000, 0x00000007c0000000)
  eden space 1472512K, 0% used [0x0000000717580000,0x0000000717580000,0x0000000771380000)
  from space 581120K, 0% used [0x0000000795400000,0x0000000795400000,0x00000007b8b80000)
  to   space 590336K, 0% used [0x0000000771380000,0x0000000771380000,0x0000000795400000)
 ParOldGen       total 3494400K, used 2575443K [0x00000005c6000000, 0x000000069b480000, 0x0000000717580000)
  object space 3494400K, 73% used [0x00000005c6000000,0x0000000663314ef0,0x000000069b480000)
 Metaspace       used 190071K, capacity 197305K, committed 197376K, reserved 1214464K
  class space    used 29547K, capacity 31459K, committed 31488K, reserved 1048576K
}
Event: 310.006 GC heap before
{Heap before GC invocations=70 (full 9):
 PSYoungGen      total 2053632K, used 1472512K [0x0000000717580000, 0x00000007b9d80000, 0x00000007c0000000)
  eden space 1472512K, 100% used [0x0000000717580000,0x0000000771380000,0x0000000771380000)
  from space 581120K, 0% used [0x0000000795400000,0x0000000795400000,0x00000007b8b80000)
  to   space 590336K, 0% used [0x0000000771380000,0x0000000771380000,0x0000000795400000)
 ParOldGen       total 3494400K, used 2575443K [0x00000005c6000000, 0x000000069b480000, 0x0000000717580000)
  object space 3494400K, 73% used [0x00000005c6000000,0x0000000663314ef0,0x000000069b480000)
 Metaspace       used 190963K, capacity 198255K, committed 198528K, reserved 1216512K
  class space    used 29664K, capacity 31590K, committed 31616K, reserved 1048576K
Event: 310.059 GC heap after
Heap after GC invocations=70 (full 9):
 PSYoungGen      total 2062848K, used 110412K [0x0000000717580000, 0x00000007be380000, 0x00000007c0000000)
  eden space 1472512K, 0% used [0x0000000717580000,0x0000000717580000,0x0000000771380000)
  from space 590336K, 18% used [0x0000000771380000,0x0000000777f53000,0x0000000795400000)
  to   space 573440K, 0% used [0x000000079b380000,0x000000079b380000,0x00000007be380000)
 ParOldGen       total 3494400K, used 2575451K [0x00000005c6000000, 0x000000069b480000, 0x0000000717580000)
  object space 3494400K, 73% used [0x00000005c6000000,0x0000000663316ef0,0x000000069b480000)
 Metaspace       used 190963K, capacity 198255K, committed 198528K, reserved 1216512K
  class space    used 29664K, capacity 31590K, committed 31616K, reserved 1048576K
}
Event: 317.932 GC heap before
{Heap before GC invocations=71 (full 9):
 PSYoungGen      total 2062848K, used 1582924K [0x0000000717580000, 0x00000007be380000, 0x00000007c0000000)
  eden space 1472512K, 100% used [0x0000000717580000,0x0000000771380000,0x0000000771380000)
  from space 590336K, 18% used [0x0000000771380000,0x0000000777f53000,0x0000000795400000)
  to   space 573440K, 0% used [0x000000079b380000,0x000000079b380000,0x00000007be380000)
 ParOldGen       total 3494400K, used 2575451K [0x00000005c6000000, 0x000000069b480000, 0x0000000717580000)
  object space 3494400K, 73% used [0x00000005c6000000,0x0000000663316ef0,0x000000069b480000)
 Metaspace       used 191814K, capacity 199123K, committed 199168K, reserved 1216512K
  class space    used 29772K, capacity 31730K, committed 31744K, reserved 1048576K
Event: 318.039 GC heap after
Heap after GC invocations=71 (full 9):
 PSYoungGen      total 2086912K, used 236058K [0x0000000717580000, 0x00000007ba480000, 0x00000007c0000000)
  eden space 1577984K, 0% used [0x0000000717580000,0x0000000717580000,0x0000000777a80000)
  from space 508928K, 46% used [0x000000079b380000,0x00000007a9a06a18,0x00000007ba480000)
  to   space 545792K, 0% used [0x0000000777a80000,0x0000000777a80000,0x0000000798f80000)
 ParOldGen       total 3494400K, used 2575459K [0x00000005c6000000, 0x000000069b480000, 0x0000000717580000)
  object space 3494400K, 73% used [0x00000005c6000000,0x0000000663318ef0,0x000000069b480000)
 Metaspace       used 191814K, capacity 199123K, committed 199168K, reserved 1216512K
  class space    used 29772K, capacity 31730K, committed 31744K, reserved 1048576K
}
Event: 324.137 GC heap before
{Heap before GC invocations=72 (full 9):
 PSYoungGen      total 2086912K, used 1170555K [0x0000000717580000, 0x00000007ba480000, 0x00000007c0000000)
  eden space 1577984K, 59% used [0x0000000717580000,0x0000000750618330,0x0000000777a80000)
  from space 508928K, 46% used [0x000000079b380000,0x00000007a9a06a18,0x00000007ba480000)
  to   space 545792K, 0% used [0x0000000777a80000,0x0000000777a80000,0x0000000798f80000)
 ParOldGen       total 3494400K, used 2575459K [0x00000005c6000000, 0x000000069b480000, 0x0000000717580000)
  object space 3494400K, 73% used [0x00000005c6000000,0x0000000663318ef0,0x000000069b480000)
 Metaspace       used 196705K, capacity 204187K, committed 204416K, reserved 1220608K
  class space    used 30368K, capacity 32366K, committed 32384K, reserved 1048576K
Event: 324.283 GC heap after
Heap after GC invocations=72 (full 9):
 PSYoungGen      total 1848832K, used 270623K [0x0000000717580000, 0x00000007b8b80000, 0x00000007c0000000)
  eden space 1577984K, 0% used [0x0000000717580000,0x0000000717580000,0x0000000777a80000)
  from space 270848K, 99% used [0x0000000777a80000,0x00000007882c7db8,0x0000000788300000)
  to   space 532992K, 0% used [0x0000000798300000,0x0000000798300000,0x00000007b8b80000)
 ParOldGen       total 3494400K, used 2575467K [0x00000005c6000000, 0x000000069b480000, 0x0000000717580000)
  object space 3494400K, 73% used [0x00000005c6000000,0x000000066331aef0,0x000000069b480000)
 Metaspace       used 196705K, capacity 204187K, committed 204416K, reserved 1220608K
  class space    used 30368K, capacity 32366K, committed 32384K, reserved 1048576K
}
Event: 324.283 GC heap before
{Heap before GC invocations=73 (full 10):
 PSYoungGen      total 1848832K, used 270623K [0x0000000717580000, 0x00000007b8b80000, 0x00000007c0000000)
  eden space 1577984K, 0% used [0x0000000717580000,0x0000000717580000,0x0000000777a80000)
  from space 270848K, 99% used [0x0000000777a80000,0x00000007882c7db8,0x0000000788300000)
  to   space 532992K, 0% used [0x0000000798300000,0x0000000798300000,0x00000007b8b80000)
 ParOldGen       total 3494400K, used 2575467K [0x00000005c6000000, 0x000000069b480000, 0x0000000717580000)
  object space 3494400K, 73% used [0x00000005c6000000,0x000000066331aef0,0x000000069b480000)
 Metaspace       used 196705K, capacity 204187K, committed 204416K, reserved 1220608K
  class space    used 30368K, capacity 32366K, committed 32384K, reserved 1048576K
Event: 328.383 GC heap after
Heap after GC invocations=73 (full 10):
 PSYoungGen      total 1848832K, used 0K [0x0000000717580000, 0x00000007b8b80000, 0x00000007c0000000)
  eden space 1577984K, 0% used [0x0000000717580000,0x0000000717580000,0x0000000777a80000)
  from space 270848K, 0% used [0x0000000777a80000,0x0000000777a80000,0x0000000788300000)
  to   space 532992K, 0% used [0x0000000798300000,0x0000000798300000,0x00000007b8b80000)
 ParOldGen       total 3494400K, used 2684607K [0x00000005c6000000, 0x000000069b480000, 0x0000000717580000)
  object space 3494400K, 76% used [0x00000005c6000000,0x0000000669dafe80,0x000000069b480000)
 Metaspace       used 196705K, capacity 204187K, committed 204416K, reserved 1220608K
  class space    used 30368K, capacity 32366K, committed 32384K, reserved 1048576K
}

